<?xml version="1.0" encoding="UTF-8"?>
<!-- Generated by org.testng.reporters.JUnitReportReporter -->
<testsuite hostname="DESKTOP-QED19D2" failures="0" tests="5" name="com.salesforce.test.tests.TestScripts" time="29.946" errors="0" timestamp="2022-10-01T14:32:38 PDT" skipped="0">
  <testcase classname="com.salesforce.test.tests.TestScripts" name="ForgotPassword_4A" time="3.210"/>
  <system-out/>
  <testcase classname="com.salesforce.test.tests.TestScripts" name="LoginErrorMsg_TC01" time="5.473"/>
  <system-out/>
  <testcase classname="com.salesforce.test.tests.TestScripts" name="RememberMe_TC03" time="8.879"/>
  <system-out/>
  <testcase classname="com.salesforce.test.tests.TestScripts" name="LoginToSalesforce_TC02" time="7.368"/>
  <system-out/>
  <testcase classname="com.salesforce.test.tests.TestScripts" name="ForgotPassword_4B" time="5.016"/>
  <system-out/>
</testsuite> <!-- com.salesforce.test.tests.TestScripts -->
